[2026-04-05T05:32:04.483Z] [AUTH] {
  "username": "system",
  "action": "login",
  "ipAddress": "127.0.0.1",
  "timestamp": "2026-04-05T05:32:04.483Z"
}
[2026-04-05T05:34:42.430Z] [AUTH] {
  "username": "system",
  "action": "login",
  "ipAddress": "127.0.0.1",
  "timestamp": "2026-04-05T05:34:42.430Z"
}
[2026-04-05T05:36:23.489Z] [AUTH] {
  "username": "system",
  "action": "login",
  "ipAddress": "127.0.0.1",
  "timestamp": "2026-04-05T05:36:23.489Z"
}
[2026-04-05T05:37:38.001Z] [AUTH] {
  "username": "system",
  "action": "login",
  "ipAddress": "127.0.0.1",
  "timestamp": "2026-04-05T05:37:38.001Z"
}
[2026-04-05T05:56:16.878Z] [AUTH] {
  "username": "system",
  "action": "login",
  "ipAddress": "127.0.0.1",
  "timestamp": "2026-04-05T05:56:16.878Z"
}
