[2026-04-05T05:32:04.483Z] [ALERT] {
  "level": "info",
  "message": "Server started successfully",
  "details": {
    "port": 5000
  },
  "timestamp": "2026-04-05T05:32:04.483Z"
}
[2026-04-05T05:34:42.430Z] [ALERT] {
  "level": "info",
  "message": "Server started successfully",
  "details": {
    "port": 5000
  },
  "timestamp": "2026-04-05T05:34:42.430Z"
}
[2026-04-05T05:36:23.489Z] [ALERT] {
  "level": "info",
  "message": "Server started successfully",
  "details": {
    "port": 5000
  },
  "timestamp": "2026-04-05T05:36:23.489Z"
}
[2026-04-05T05:37:38.001Z] [ALERT] {
  "level": "info",
  "message": "Server started successfully",
  "details": {
    "port": 5000
  },
  "timestamp": "2026-04-05T05:37:38.001Z"
}
[2026-04-05T05:56:16.878Z] [ALERT] {
  "level": "info",
  "message": "Server started successfully",
  "details": {
    "port": 5000
  },
  "timestamp": "2026-04-05T05:56:16.878Z"
}
