[2026-04-05T05:32:04.483Z] [USER_ACTIVITY] {
  "action": "server_started",
  "details": "Application initialized successfully",
  "timestamp": "2026-04-05T05:32:04.483Z"
}
[2026-04-05T05:34:42.430Z] [USER_ACTIVITY] {
  "action": "server_started",
  "details": "Application initialized successfully",
  "timestamp": "2026-04-05T05:34:42.430Z"
}
[2026-04-05T05:36:23.489Z] [USER_ACTIVITY] {
  "action": "server_started",
  "details": "Application initialized successfully",
  "timestamp": "2026-04-05T05:36:23.489Z"
}
[2026-04-05T05:37:38.001Z] [USER_ACTIVITY] {
  "action": "server_started",
  "details": "Application initialized successfully",
  "timestamp": "2026-04-05T05:37:38.001Z"
}
[2026-04-05T05:56:16.878Z] [USER_ACTIVITY] {
  "action": "server_started",
  "details": "Application initialized successfully",
  "timestamp": "2026-04-05T05:56:16.878Z"
}
